Apr 12, 2019 4:30:12 AM org.apache.catalina.core.ApplicationContext log
INFO: ContextListener: contextInitialized()
Apr 12, 2019 4:30:12 AM org.apache.catalina.core.ApplicationContext log
INFO: SessionListener: contextInitialized()
Apr 12, 2019 4:30:12 AM org.apache.catalina.core.ApplicationContext log
INFO: ContextListener: attributeAdded('StockTicker', 'async.Stockticker@5a5144d8')
Apr 12, 2019 4:30:12 AM org.apache.catalina.core.ApplicationContext log
INFO: ContextListener: attributeAdded('org.apache.jasper.compiler.TldLocationsCache', 'org.apache.jasper.compiler.TldLocationsCache@6a0d966b')
Apr 12, 2019 4:34:06 AM org.apache.catalina.core.ApplicationContext log
INFO: SessionListener: contextDestroyed()
Apr 12, 2019 4:34:06 AM org.apache.catalina.core.ApplicationContext log
INFO: ContextListener: contextDestroyed()
Apr 12, 2019 4:34:12 AM org.apache.catalina.core.ApplicationContext log
INFO: ContextListener: contextInitialized()
Apr 12, 2019 4:34:12 AM org.apache.catalina.core.ApplicationContext log
INFO: SessionListener: contextInitialized()
Apr 12, 2019 4:34:12 AM org.apache.catalina.core.ApplicationContext log
INFO: ContextListener: attributeAdded('StockTicker', 'async.Stockticker@10e7cfe4')
Apr 12, 2019 4:34:12 AM org.apache.catalina.core.ApplicationContext log
INFO: ContextListener: attributeAdded('org.apache.jasper.compiler.TldLocationsCache', 'org.apache.jasper.compiler.TldLocationsCache@40fa5ed0')
Apr 12, 2019 4:40:52 AM org.apache.catalina.core.ApplicationContext log
INFO: SessionListener: contextDestroyed()
Apr 12, 2019 4:40:52 AM org.apache.catalina.core.ApplicationContext log
INFO: ContextListener: contextDestroyed()
Apr 12, 2019 4:40:58 AM org.apache.catalina.core.ApplicationContext log
INFO: ContextListener: contextInitialized()
Apr 12, 2019 4:40:58 AM org.apache.catalina.core.ApplicationContext log
INFO: SessionListener: contextInitialized()
Apr 12, 2019 4:40:58 AM org.apache.catalina.core.ApplicationContext log
INFO: ContextListener: attributeAdded('StockTicker', 'async.Stockticker@1df5d339')
Apr 12, 2019 4:40:58 AM org.apache.catalina.core.ApplicationContext log
INFO: ContextListener: attributeAdded('org.apache.jasper.compiler.TldLocationsCache', 'org.apache.jasper.compiler.TldLocationsCache@2099d95b')
Apr 12, 2019 4:42:09 AM org.apache.catalina.core.ApplicationContext log
INFO: SessionListener: contextDestroyed()
Apr 12, 2019 4:42:09 AM org.apache.catalina.core.ApplicationContext log
INFO: ContextListener: contextDestroyed()
Apr 12, 2019 4:42:14 AM org.apache.catalina.core.ApplicationContext log
INFO: ContextListener: contextInitialized()
Apr 12, 2019 4:42:14 AM org.apache.catalina.core.ApplicationContext log
INFO: SessionListener: contextInitialized()
Apr 12, 2019 4:42:14 AM org.apache.catalina.core.ApplicationContext log
INFO: ContextListener: attributeAdded('StockTicker', 'async.Stockticker@72b4302e')
Apr 12, 2019 4:42:14 AM org.apache.catalina.core.ApplicationContext log
INFO: ContextListener: attributeAdded('org.apache.jasper.compiler.TldLocationsCache', 'org.apache.jasper.compiler.TldLocationsCache@6d699fb')
Apr 12, 2019 4:43:32 AM org.apache.catalina.core.ApplicationContext log
INFO: SessionListener: contextDestroyed()
Apr 12, 2019 4:43:32 AM org.apache.catalina.core.ApplicationContext log
INFO: ContextListener: contextDestroyed()
Apr 12, 2019 4:43:46 AM org.apache.catalina.core.ApplicationContext log
INFO: ContextListener: contextInitialized()
Apr 12, 2019 4:43:46 AM org.apache.catalina.core.ApplicationContext log
INFO: SessionListener: contextInitialized()
Apr 12, 2019 4:43:46 AM org.apache.catalina.core.ApplicationContext log
INFO: ContextListener: attributeAdded('StockTicker', 'async.Stockticker@123378bf')
Apr 12, 2019 4:43:46 AM org.apache.catalina.core.ApplicationContext log
INFO: ContextListener: attributeAdded('org.apache.jasper.compiler.TldLocationsCache', 'org.apache.jasper.compiler.TldLocationsCache@4008ed50')
Apr 12, 2019 11:36:28 AM org.apache.catalina.core.ApplicationContext log
INFO: SessionListener: contextDestroyed()
Apr 12, 2019 11:36:28 AM org.apache.catalina.core.ApplicationContext log
INFO: ContextListener: contextDestroyed()
